<?xml version="1.0" encoding="UTF-8"?>
<!-- Generated by org.testng.reporters.JUnitXMLReporter -->
<testsuite ignored="0" hostname="Oliver-C02ZF8KRLVDQ" failures="0" tests="4" name="Default test" time="2.778" errors="0" timestamp="2021-06-29T08:44:38 NZST">
  <testcase classname="GetUsersTests" name="testDennisSchulistExistsInList" time="1.63"/>
  <testcase classname="GetUsersTests" name="testRetrievingSingleUser" time="0.853"/>
  <testcase classname="GetUsersTests" name="testStatusCodeOk" time="0.133"/>
  <testcase classname="GetUsersTests" name="testTenRecordsReturned" time="0.126"/>
</testsuite> <!-- Default test -->
